2025-12-18 20:58:52 INFO  o.s.b.a.SpringApplicationAdminMXBeanRegistrar$SpringApplicationAdmin - Application shutdown requested.
2025-12-18 20:58:54 INFO  o.e.a.m.JournalApplication1uptoSonarQubeApplication - Starting JournalApplication1uptoSonarQubeApplication using Java 21.0.8 on Vish with PID 22472 (C:\Users\vbari\Downloads\Intellij_JournalApplication\SpringProjectEclipse\JournalApplication1uptoSonarQube\target\classes started by vbari in C:\Users\vbari\Downloads\Intellij_JournalApplication\SpringProjectEclipse\JournalApplication1uptoSonarQube)
2025-12-18 20:58:54 INFO  o.e.a.m.JournalApplication1uptoSonarQubeApplication - The following 1 profile is active: "dev"
2025-12-18 20:58:54 INFO  o.s.b.d.e.DevToolsPropertyDefaultsPostProcessor - Devtools property defaults active! Set 'spring.devtools.add-properties' to 'false' to disable
2025-12-18 20:58:54 INFO  o.s.b.d.e.DevToolsPropertyDefaultsPostProcessor - For additional web related logging consider setting the 'logging.level.web' property to 'DEBUG'
2025-12-18 20:58:55 INFO  o.s.d.r.c.RepositoryConfigurationDelegate - Bootstrapping Spring Data MongoDB repositories in DEFAULT mode.
2025-12-18 20:58:55 INFO  o.s.d.r.c.RepositoryConfigurationDelegate - Finished Spring Data repository scanning in 53 ms. Found 2 MongoDB repository interfaces.
2025-12-18 20:58:55 INFO  o.s.b.w.e.tomcat.TomcatWebServer - Tomcat initialized with port(s): 8081 (http)
2025-12-18 20:58:55 INFO  o.a.coyote.http11.Http11NioProtocol - Initializing ProtocolHandler ["http-nio-8081"]
2025-12-18 20:58:55 INFO  o.a.catalina.core.StandardService - Starting service [Tomcat]
2025-12-18 20:58:55 INFO  o.a.catalina.core.StandardEngine - Starting Servlet engine: [Apache Tomcat/9.0.63]
2025-12-18 20:58:55 INFO  o.a.c.c.C.[.[.[/app.ejournal.org] - Initializing Spring embedded WebApplicationContext
2025-12-18 20:58:55 INFO  o.s.b.w.s.c.ServletWebServerApplicationContext - Root WebApplicationContext: initialization completed in 1129 ms
2025-12-18 20:58:55 INFO  org.mongodb.driver.cluster - Cluster created with settings {hosts=[127.0.0.1:27017], srvHost=cluster0.rdlzl4t.mongodb.net, mode=MULTIPLE, requiredClusterType=REPLICA_SET, serverSelectionTimeout='30000 ms', requiredReplicaSetName='atlas-4eimto-shard-0'}
2025-12-18 20:58:55 INFO  org.mongodb.driver.cluster - Adding discovered server ac-fgdctwf-shard-00-02.rdlzl4t.mongodb.net:27017 to client view of cluster
2025-12-18 20:58:55 INFO  org.mongodb.driver.cluster - Adding discovered server ac-fgdctwf-shard-00-01.rdlzl4t.mongodb.net:27017 to client view of cluster
2025-12-18 20:58:55 INFO  org.mongodb.driver.cluster - Adding discovered server ac-fgdctwf-shard-00-00.rdlzl4t.mongodb.net:27017 to client view of cluster
2025-12-18 20:58:55 INFO  o.s.b.d.a.OptionalLiveReloadServer - LiveReload server is running on port 35729
2025-12-18 20:58:55 INFO  org.mongodb.driver.cluster - No server chosen by com.mongodb.client.internal.MongoClientDelegate$1@5ad81ee9 from cluster description ClusterDescription{type=REPLICA_SET, connectionMode=MULTIPLE, serverDescriptions=[ServerDescription{address=ac-fgdctwf-shard-00-01.rdlzl4t.mongodb.net:27017, type=UNKNOWN, state=CONNECTING}, ServerDescription{address=ac-fgdctwf-shard-00-00.rdlzl4t.mongodb.net:27017, type=UNKNOWN, state=CONNECTING}, ServerDescription{address=ac-fgdctwf-shard-00-02.rdlzl4t.mongodb.net:27017, type=UNKNOWN, state=CONNECTING}]}. Waiting for 30000 ms before timing out
2025-12-18 20:58:56 INFO  org.mongodb.driver.connection - Opened connection [connectionId{localValue:3, serverValue:70130}] to ac-fgdctwf-shard-00-00.rdlzl4t.mongodb.net:27017
2025-12-18 20:58:56 INFO  org.mongodb.driver.connection - Opened connection [connectionId{localValue:4, serverValue:72770}] to ac-fgdctwf-shard-00-02.rdlzl4t.mongodb.net:27017
2025-12-18 20:58:56 INFO  org.mongodb.driver.connection - Opened connection [connectionId{localValue:6, serverValue:69611}] to ac-fgdctwf-shard-00-01.rdlzl4t.mongodb.net:27017
2025-12-18 20:58:56 INFO  org.mongodb.driver.connection - Opened connection [connectionId{localValue:1, serverValue:70130}] to ac-fgdctwf-shard-00-00.rdlzl4t.mongodb.net:27017
2025-12-18 20:58:56 INFO  org.mongodb.driver.connection - Opened connection [connectionId{localValue:5, serverValue:72770}] to ac-fgdctwf-shard-00-02.rdlzl4t.mongodb.net:27017
2025-12-18 20:58:56 INFO  org.mongodb.driver.connection - Opened connection [connectionId{localValue:2, serverValue:69611}] to ac-fgdctwf-shard-00-01.rdlzl4t.mongodb.net:27017
2025-12-18 20:58:56 INFO  org.mongodb.driver.cluster - Monitor thread successfully connected to server with description ServerDescription{address=ac-fgdctwf-shard-00-02.rdlzl4t.mongodb.net:27017, type=REPLICA_SET_PRIMARY, state=CONNECTED, ok=true, minWireVersion=0, maxWireVersion=25, maxDocumentSize=16777216, logicalSessionTimeoutMinutes=30, roundTripTimeNanos=181860200, setName='atlas-4eimto-shard-0', canonicalAddress=ac-fgdctwf-shard-00-02.rdlzl4t.mongodb.net:27017, hosts=[ac-fgdctwf-shard-00-01.rdlzl4t.mongodb.net:27017, ac-fgdctwf-shard-00-02.rdlzl4t.mongodb.net:27017, ac-fgdctwf-shard-00-00.rdlzl4t.mongodb.net:27017], passives=[], arbiters=[], primary='ac-fgdctwf-shard-00-02.rdlzl4t.mongodb.net:27017', tagSet=TagSet{[Tag{name='availabilityZone', value='aps1-az2'}, Tag{name='diskState', value='READY'}, Tag{name='nodeType', value='ELECTABLE'}, Tag{name='provider', value='AWS'}, Tag{name='region', value='AP_SOUTH_1'}, Tag{name='workloadType', value='OPERATIONAL'}]}, electionId=7fffffff00000000000001f5, setVersion=192, topologyVersion=TopologyVersion{processId=6942d9c9623f248b98f9b17e, counter=6}, lastWriteDate=Thu Dec 18 20:58:55 IST 2025, lastUpdateTimeNanos=25802759043500}
2025-12-18 20:58:56 INFO  org.mongodb.driver.cluster - Monitor thread successfully connected to server with description ServerDescription{address=ac-fgdctwf-shard-00-00.rdlzl4t.mongodb.net:27017, type=REPLICA_SET_SECONDARY, state=CONNECTED, ok=true, minWireVersion=0, maxWireVersion=25, maxDocumentSize=16777216, logicalSessionTimeoutMinutes=30, roundTripTimeNanos=181636900, setName='atlas-4eimto-shard-0', canonicalAddress=ac-fgdctwf-shard-00-00.rdlzl4t.mongodb.net:27017, hosts=[ac-fgdctwf-shard-00-01.rdlzl4t.mongodb.net:27017, ac-fgdctwf-shard-00-02.rdlzl4t.mongodb.net:27017, ac-fgdctwf-shard-00-00.rdlzl4t.mongodb.net:27017], passives=[], arbiters=[], primary='ac-fgdctwf-shard-00-02.rdlzl4t.mongodb.net:27017', tagSet=TagSet{[Tag{name='availabilityZone', value='aps1-az1'}, Tag{name='diskState', value='READY'}, Tag{name='nodeType', value='ELECTABLE'}, Tag{name='provider', value='AWS'}, Tag{name='region', value='AP_SOUTH_1'}, Tag{name='workloadType', value='OPERATIONAL'}]}, electionId=null, setVersion=192, topologyVersion=TopologyVersion{processId=6942d97cd83f3cbdfd4c7da3, counter=4}, lastWriteDate=Thu Dec 18 20:58:55 IST 2025, lastUpdateTimeNanos=25802759053900}
2025-12-18 20:58:56 INFO  org.mongodb.driver.cluster - Monitor thread successfully connected to server with description ServerDescription{address=ac-fgdctwf-shard-00-01.rdlzl4t.mongodb.net:27017, type=REPLICA_SET_SECONDARY, state=CONNECTED, ok=true, minWireVersion=0, maxWireVersion=25, maxDocumentSize=16777216, logicalSessionTimeoutMinutes=30, roundTripTimeNanos=183379700, setName='atlas-4eimto-shard-0', canonicalAddress=ac-fgdctwf-shard-00-01.rdlzl4t.mongodb.net:27017, hosts=[ac-fgdctwf-shard-00-01.rdlzl4t.mongodb.net:27017, ac-fgdctwf-shard-00-02.rdlzl4t.mongodb.net:27017, ac-fgdctwf-shard-00-00.rdlzl4t.mongodb.net:27017], passives=[], arbiters=[], primary='ac-fgdctwf-shard-00-02.rdlzl4t.mongodb.net:27017', tagSet=TagSet{[Tag{name='availabilityZone', value='aps1-az3'}, Tag{name='diskState', value='READY'}, Tag{name='nodeType', value='ELECTABLE'}, Tag{name='provider', value='AWS'}, Tag{name='region', value='AP_SOUTH_1'}, Tag{name='workloadType', value='OPERATIONAL'}]}, electionId=null, setVersion=192, topologyVersion=TopologyVersion{processId=6942da1678808a2e25999eb3, counter=3}, lastWriteDate=Thu Dec 18 20:58:55 IST 2025, lastUpdateTimeNanos=25802759127100}
2025-12-18 20:58:56 INFO  org.mongodb.driver.cluster - Setting max election id to 7fffffff00000000000001f5 from replica set primary ac-fgdctwf-shard-00-02.rdlzl4t.mongodb.net:27017
2025-12-18 20:58:56 INFO  org.mongodb.driver.cluster - Setting max set version to 192 from replica set primary ac-fgdctwf-shard-00-02.rdlzl4t.mongodb.net:27017
2025-12-18 20:58:56 INFO  org.mongodb.driver.cluster - Discovered replica set primary ac-fgdctwf-shard-00-02.rdlzl4t.mongodb.net:27017
2025-12-18 20:58:56 INFO  org.mongodb.driver.connection - Opened connection [connectionId{localValue:7, serverValue:72794}] to ac-fgdctwf-shard-00-02.rdlzl4t.mongodb.net:27017
2025-12-18 20:58:56 INFO  o.s.s.web.DefaultSecurityFilterChain - Will secure any request with [org.springframework.security.web.context.request.async.WebAsyncManagerIntegrationFilter@37bc3ce3, org.springframework.security.web.context.SecurityContextPersistenceFilter@558f5a45, org.springframework.security.web.header.HeaderWriterFilter@2f5f8648, org.springframework.security.web.authentication.logout.LogoutFilter@2bb1cd69, org.springframework.security.web.authentication.www.BasicAuthenticationFilter@69ccae32, org.springframework.security.web.savedrequest.RequestCacheAwareFilter@284c09ac, org.springframework.security.web.servletapi.SecurityContextHolderAwareRequestFilter@462b4106, org.springframework.security.web.authentication.AnonymousAuthenticationFilter@6b71ab1e, org.springframework.security.web.session.SessionManagementFilter@3c91b18, org.springframework.security.web.access.ExceptionTranslationFilter@70b3404c, org.springframework.security.web.access.intercept.AuthorizationFilter@66837511]
2025-12-18 20:58:56 INFO  o.a.coyote.http11.Http11NioProtocol - Starting ProtocolHandler ["http-nio-8081"]
2025-12-18 20:58:56 INFO  o.s.b.w.e.tomcat.TomcatWebServer - Tomcat started on port(s): 8081 (http) with context path '/app.ejournal.org'
2025-12-18 20:58:56 INFO  o.e.a.m.JournalApplication1uptoSonarQubeApplication - Started JournalApplication1uptoSonarQubeApplication in 2.615 seconds (JVM running for 3.222)
2025-12-18 20:59:09 INFO  o.s.b.a.SpringApplicationAdminMXBeanRegistrar$SpringApplicationAdmin - Application shutdown requested.
